-------------------------------------------------------------------------------
Test set: com.luizalebs.comunicacao_api.ComunicacaoApiApplicationTests
-------------------------------------------------------------------------------
Tests run: 1, Failures: 0, Errors: 1, Skipped: 0, Time elapsed: 1.184 s <<< FAILURE! - in com.luizalebs.comunicacao_api.ComunicacaoApiApplicationTests
contextLoads  Time elapsed: 0.006 s  <<< ERROR!
java.lang.IllegalStateException: Failed to load ApplicationContext for [WebMergedContextConfiguration@18887028 testClass = com.luizalebs.comunicacao_api.ComunicacaoApiApplicationTests, locations = [], classes = [com.luizalebs.comunicacao_api.ComunicacaoApiApplication], contextInitializerClasses = [], activeProfiles = [], propertySourceLocations = [], propertySourceProperties = ["org.springframework.boot.test.context.SpringBootTestContextBootstrapper=true"], contextCustomizers = [org.springframework.boot.test.context.filter.ExcludeFilterContextCustomizer@350ff014, org.springframework.boot.test.json.DuplicateJsonObjectContextCustomizerFactory$DuplicateJsonObjectContextCustomizer@4af7dd6a, org.springframework.boot.test.mock.mockito.MockitoContextCustomizer@0, org.springframework.boot.test.web.client.TestRestTemplateContextCustomizer@46cf8c07, org.springframework.boot.test.autoconfigure.actuate.observability.ObservabilityContextCustomizerFactory$DisableObservabilityContextCustomizer@9da1, org.springframework.boot.test.autoconfigure.properties.PropertyMappingContextCustomizer@0, org.springframework.boot.test.autoconfigure.web.servlet.WebDriverContextCustomizerFactory$Customizer@100bba26, org.springframework.boot.test.context.SpringBootTestAnnotation@d132d252], resourceBasePath = "src/main/webapp", contextLoader = org.springframework.boot.test.context.SpringBootContextLoader, parent = null]
Caused by: org.springframework.beans.factory.BeanDefinitionStoreException: Failed to process import candidates for configuration class [com.luizalebs.comunicacao_api.ComunicacaoApiApplication]: Could not find class [org.springframework.cloud.client.loadbalancer.BlockingRestClassesPresentCondition]
Caused by: java.lang.IllegalArgumentException: Could not find class [org.springframework.cloud.client.loadbalancer.BlockingRestClassesPresentCondition]
Caused by: java.lang.ClassNotFoundException: org.springframework.cloud.client.loadbalancer.BlockingRestClassesPresentCondition

