-------------------------------------------------------------------------------
Test set: com.luizalebs.comunicacao_api.business.ComunicacaoServiceTest
-------------------------------------------------------------------------------
Tests run: 5, Failures: 1, Errors: 0, Skipped: 0, Time elapsed: 0.786 s <<< FAILURE! - in com.luizalebs.comunicacao_api.business.ComunicacaoServiceTest
deveNaoAgendarComunicacaoSeDadosNull  Time elapsed: 0.007 s  <<< FAILURE!
org.opentest4j.AssertionFailedError: Unexpected exception type thrown, expected: <com.luizalebs.comunicacao_api.infraestructure.exceptions.MissingArgumentException> but was: <java.lang.IllegalArgumentException>
	at com.luizalebs.comunicacao_api.business.ComunicacaoServiceTest.deveNaoAgendarComunicacaoSeDadosNull(ComunicacaoServiceTest.java:121)
Caused by: java.lang.IllegalArgumentException: Dados da comunicacao sao obrigatorios
	at com.luizalebs.comunicacao_api.business.ComunicacaoServiceTest.lambda$deveNaoAgendarComunicacaoSeDadosNull$2(ComunicacaoServiceTest.java:122)
	at com.luizalebs.comunicacao_api.business.ComunicacaoServiceTest.deveNaoAgendarComunicacaoSeDadosNull(ComunicacaoServiceTest.java:121)

