<?xml version="1.0" encoding="UTF-8"?>
<testsuite xmlns:xsi="http://www.w3.org/2001/XMLSchema-instance" xsi:noNamespaceSchemaLocation="https://maven.apache.org/surefire/maven-surefire-plugin/xsd/surefire-test-report.xsd" name="com.luizalebs.comunicacao_api.business.ComunicacaoServiceTest" time="0.19" tests="18" errors="3" skipped="0" failures="3">
  <properties>
[...]
</properties>
  <testcase name="geraExcecao_QuandoBuscarStatusComunicacao2_SeEmailNull" classname="com.luizalebs.comunicacao_api.business.ComunicacaoServiceTest" time="0.107"/>
  <testcase name="deve_AgendarComunicacao_ComSucesso" classname="com.luizalebs.comunicacao_api.business.ComunicacaoServiceTest" time="0.007"/>
  <testcase name="deveImplementarEmailComunicacao_ComSucesso" classname="com.luizalebs.comunicacao_api.business.ComunicacaoServiceTest" time="0.002"/>
  <testcase name="naoDeveSalvar_QuandoAgendarComunicacao_SeDtoNull" classname="com.luizalebs.comunicacao_api.business.ComunicacaoServiceTest" time="0.002"/>
  <testcase name="geraExcecao_QuandoBuscarStatusComunicacao_SeEmailNull" classname="com.luizalebs.comunicacao_api.business.ComunicacaoServiceTest" time="0.005"/>
  <testcase name="geraExcecao_QuandoDeletarComunicacaoPorEmail" classname="com.luizalebs.comunicacao_api.business.ComunicacaoServiceTest" time="0.003"/>
  <testcase name="deve_QuandoBuscarStatusComunicacao_ComSucesso" classname="com.luizalebs.comunicacao_api.business.ComunicacaoServiceTest" time="0.003"/>
  <testcase name="deveGerarExcecao_QuandoFalharAoSalvar_AgendarComunicacao2" classname="com.luizalebs.comunicacao_api.business.ComunicacaoServiceTest" time="0.014">
    <failure message="Unexpected exception type thrown, expected: &lt;com.luizalebs.comunicacao_api.infraestructure.exceptions.BusinessException&gt; but was: &lt;com.luizalebs.comunicacao_api.infraestructure.exceptions.ConflictException&gt;" type="org.opentest4j.AssertionFailedError"><![CDATA[org.opentest4j.AssertionFailedError: Unexpected exception type thrown, expected: <com.luizalebs.comunicacao_api.infraestructure.exceptions.BusinessException> but was: <com.luizalebs.comunicacao_api.infraestructure.exceptions.ConflictException>
	at com.luizalebs.comunicacao_api.business.ComunicacaoServiceTest.deveGerarExcecao_QuandoFalharAoSalvar_AgendarComunicacao2(ComunicacaoServiceTest.java:238)
Caused by: com.luizalebs.comunicacao_api.infraestructure.exceptions.ConflictException: Excecao
	at com.luizalebs.comunicacao_api.business.ComunicacaoServiceTest.lambda$deveGerarExcecao_QuandoFalharAoSalvar_AgendarComunicacao2$9(ComunicacaoServiceTest.java:238)
	at com.luizalebs.comunicacao_api.business.ComunicacaoServiceTest.deveGerarExcecao_QuandoFalharAoSalvar_AgendarComunicacao2(ComunicacaoServiceTest.java:238)
]]></failure>
  </testcase>
  <testcase name="deveGerarExcecao_QuandoRepositorioFalharAoSalvar_AgendarComunicacao" classname="com.luizalebs.comunicacao_api.business.ComunicacaoServiceTest" time="0.003"/>
  <testcase name="deve_AgendarComunicacaoProjetoOriginal_ComSucesso" classname="com.luizalebs.comunicacao_api.business.ComunicacaoServiceTest" time="0.004"/>
  <testcase name="geraExcecao_QuandoBuscarStatusComunicacao2_NaoEncontrado" classname="com.luizalebs.comunicacao_api.business.ComunicacaoServiceTest" time="0.003">
    <failure message="Unexpected exception type thrown, expected: &lt;com.luizalebs.comunicacao_api.infraestructure.exceptions.ResourceNotFoundException&gt; but was: &lt;java.lang.NullPointerException&gt;" type="org.opentest4j.AssertionFailedError"><![CDATA[org.opentest4j.AssertionFailedError: Unexpected exception type thrown, expected: <com.luizalebs.comunicacao_api.infraestructure.exceptions.ResourceNotFoundException> but was: <java.lang.NullPointerException>
	at com.luizalebs.comunicacao_api.business.ComunicacaoServiceTest.geraExcecao_QuandoBuscarStatusComunicacao2_NaoEncontrado(ComunicacaoServiceTest.java:134)
Caused by: java.lang.NullPointerException: Cannot invoke "com.luizalebs.comunicacao_api.infraestructure.entities.ComunicacaoEntity.getEmailDestinatario()" because "entity" is null
	at com.luizalebs.comunicacao_api.business.ComunicacaoServiceTest.lambda$geraExcecao_QuandoBuscarStatusComunicacao2_NaoEncontrado$3(ComunicacaoServiceTest.java:134)
	at com.luizalebs.comunicacao_api.business.ComunicacaoServiceTest.geraExcecao_QuandoBuscarStatusComunicacao2_NaoEncontrado(ComunicacaoServiceTest.java:134)
]]></failure>
  </testcase>
  <testcase name="geraExcecao_Quando_AgendarComunicacaoProjetoOriginal_SeDtoNull" classname="com.luizalebs.comunicacao_api.business.ComunicacaoServiceTest" time="0.002">
    <error message="Cannot invoke &quot;Object.getClass()&quot; because the return value of &quot;java.lang.RuntimeException.getCause()&quot; is null" type="java.lang.NullPointerException">java.lang.NullPointerException: Cannot invoke "Object.getClass()" because the return value of "java.lang.RuntimeException.getCause()" is null
	at com.luizalebs.comunicacao_api.business.ComunicacaoServiceTest.geraExcecao_Quando_AgendarComunicacaoProjetoOriginal_SeDtoNull(ComunicacaoServiceTest.java:191)
</error>
  </testcase>
  <testcase name="deveDeletarComunicacaoPorEmail_ComSucesso" classname="com.luizalebs.comunicacao_api.business.ComunicacaoServiceTest" time="0.002"/>
  <testcase name="geraExcecao_QuandoAgendarComunicacao2_SeDtoNull" classname="com.luizalebs.comunicacao_api.business.ComunicacaoServiceTest" time="0.002">
    <error message="Cannot invoke &quot;java.lang.Throwable.getMessage()&quot; because the return value of &quot;java.lang.Throwable.getCause()&quot; is null" type="java.lang.NullPointerException">java.lang.NullPointerException: Cannot invoke "java.lang.Throwable.getMessage()" because the return value of "java.lang.Throwable.getCause()" is null
	at com.luizalebs.comunicacao_api.business.ComunicacaoServiceTest.geraExcecao_QuandoAgendarComunicacao2_SeDtoNull(ComunicacaoServiceTest.java:253)
</error>
  </testcase>
  <testcase name="deveDeletarComunicacaoPorId_ComSucesso" classname="com.luizalebs.comunicacao_api.business.ComunicacaoServiceTest" time="0.005"/>
  <testcase name="geraExcecao_Quando_AlterarStatusComunicacao" classname="com.luizalebs.comunicacao_api.business.ComunicacaoServiceTest" time="0.002">
    <error message="Cannot invoke &quot;java.lang.Throwable.getMessage()&quot; because the return value of &quot;com.luizalebs.comunicacao_api.infraestructure.exceptions.ResourceNotFoundException.getCause()&quot; is null" type="java.lang.NullPointerException">java.lang.NullPointerException: Cannot invoke "java.lang.Throwable.getMessage()" because the return value of "com.luizalebs.comunicacao_api.infraestructure.exceptions.ResourceNotFoundException.getCause()" is null
	at com.luizalebs.comunicacao_api.business.ComunicacaoServiceTest.geraExcecao_Quando_AlterarStatusComunicacao(ComunicacaoServiceTest.java:149)
</error>
  </testcase>
  <testcase name="geraExcecao_QuandoDeletarComunicacaoPorId" classname="com.luizalebs.comunicacao_api.business.ComunicacaoServiceTest" time="0.001"/>
  <testcase name="gerarExcecao_Quando_alterarStatsuComunicacao2" classname="com.luizalebs.comunicacao_api.business.ComunicacaoServiceTest" time="0.014">
    <failure message="Unexpected exception type thrown, expected: &lt;com.luizalebs.comunicacao_api.infraestructure.exceptions.ResourceNotFoundException&gt; but was: &lt;org.mockito.exceptions.misusing.PotentialStubbingProblem&gt;" type="org.opentest4j.AssertionFailedError"><![CDATA[org.opentest4j.AssertionFailedError: Unexpected exception type thrown, expected: <com.luizalebs.comunicacao_api.infraestructure.exceptions.ResourceNotFoundException> but was: <org.mockito.exceptions.misusing.PotentialStubbingProblem>
	at com.luizalebs.comunicacao_api.business.ComunicacaoServiceTest.gerarExcecao_Quando_alterarStatsuComunicacao2(ComunicacaoServiceTest.java:159)
Caused by: org.mockito.exceptions.misusing.PotentialStubbingProblem: 

Strict stubbing argument mismatch. Please check:
 - this invocation of 'findByEmailDestinatario' method:
    comunicacaoRepository.findByEmailDestinatario(
    null
);
    -> at com.luizalebs.comunicacao_api.business.ComunicacaoService.alterarStatusComunicacao(ComunicacaoService.java:108)
 - has following stubbing(s) with different arguments:
    1. comunicacaoRepository.findByEmailDestinatario(
    "mensagem@email.com"
);
      -> at com.luizalebs.comunicacao_api.business.ComunicacaoServiceTest.gerarExcecao_Quando_alterarStatsuComunicacao2(ComunicacaoServiceTest.java:158)
Typically, stubbing argument mismatch indicates user mistake when writing tests.
Mockito fails early so that you can debug potential problem easily.
However, there are legit scenarios when this exception generates false negative signal:
  - stubbing the same method multiple times using 'given().will()' or 'when().then()' API
    Please use 'will().given()' or 'doReturn().when()' API for stubbing.
  - stubbed method is intentionally invoked with different arguments by code under test
    Please use default or 'silent' JUnit Rule (equivalent of Strictness.LENIENT).
For more information see javadoc for PotentialStubbingProblem class.
	at com.luizalebs.comunicacao_api.business.ComunicacaoServiceTest.lambda$gerarExcecao_Quando_alterarStatsuComunicacao2$5(ComunicacaoServiceTest.java:160)
	at com.luizalebs.comunicacao_api.business.ComunicacaoServiceTest.gerarExcecao_Quando_alterarStatsuComunicacao2(ComunicacaoServiceTest.java:159)
]]></failure>
  </testcase>
</testsuite>